{"C:\\Users\\bryan geraldio\\Documents\\Hacktiv8\\PHASE-2\\Week3\\IP-Geraldioo\\server\\app.js": {"path":"C:\\Users\\bryan geraldio\\Documents\\Hacktiv8\\PHASE-2\\Week3\\IP-Geraldioo\\server\\app.js","statementMap":{"0":{"start":{"line":1,"column":0},"end":{"line":3,"column":1}},"1":{"start":{"line":2,"column":2},"end":{"line":2,"column":28}},"2":{"start":{"line":5,"column":16},"end":{"line":5,"column":34}},"3":{"start":{"line":6,"column":14},"end":{"line":6,"column":33}},"4":{"start":{"line":7,"column":12},"end":{"line":7,"column":21}},"5":{"start":{"line":8,"column":13},"end":{"line":8,"column":37}},"6":{"start":{"line":10,"column":13},"end":{"line":10,"column":28}},"7":{"start":{"line":11,"column":0},"end":{"line":11,"column":15}},"8":{"start":{"line":13,"column":0},"end":{"line":13,"column":30}},"9":{"start":{"line":14,"column":0},"end":{"line":14,"column":49}},"10":{"start":{"line":15,"column":0},"end":{"line":15,"column":24}},"11":{"start":{"line":17,"column":0},"end":{"line":17,"column":15}},"12":{"start":{"line":23,"column":0},"end":{"line":23,"column":20}}},"fnMap":{},"branchMap":{"0":{"loc":{"start":{"line":1,"column":0},"end":{"line":3,"column":1}},"type":"if","locations":[{"start":{"line":1,"column":0},"end":{"line":3,"column":1}},{"start":{},"end":{}}],"line":1},"1":{"loc":{"start":{"line":8,"column":13},"end":{"line":8,"column":37}},"type":"binary-expr","locations":[{"start":{"line":8,"column":13},"end":{"line":8,"column":29}},{"start":{"line":8,"column":33},"end":{"line":8,"column":37}}],"line":8}},"s":{"0":1,"1":1,"2":1,"3":1,"4":1,"5":1,"6":1,"7":1,"8":1,"9":1,"10":1,"11":1,"12":1},"f":{},"b":{"0":[1,0],"1":[1,0]},"_coverageSchema":"1a1c01bbd47fc00a2c39e90264f33305004495a9","hash":"ae8328bf7cd0a94fda07b0662617ee7d665e21cb"}
,"C:\\Users\\bryan geraldio\\Documents\\Hacktiv8\\PHASE-2\\Week3\\IP-Geraldioo\\server\\controllers\\authController.js": {"path":"C:\\Users\\bryan geraldio\\Documents\\Hacktiv8\\PHASE-2\\Week3\\IP-Geraldioo\\server\\controllers\\authController.js","statementMap":{"0":{"start":{"line":1,"column":17},"end":{"line":1,"column":37}},"1":{"start":{"line":2,"column":28},"end":{"line":2,"column":56}},"2":{"start":{"line":3,"column":22},"end":{"line":3,"column":47}},"3":{"start":{"line":4,"column":25},"end":{"line":4,"column":55}},"4":{"start":{"line":5,"column":15},"end":{"line":5,"column":33}},"5":{"start":{"line":9,"column":4},"end":{"line":16,"column":5}},"6":{"start":{"line":10,"column":21},"end":{"line":10,"column":48}},"7":{"start":{"line":12,"column":8},"end":{"line":12,"column":64}},"8":{"start":{"line":14,"column":6},"end":{"line":14,"column":25}},"9":{"start":{"line":15,"column":6},"end":{"line":15,"column":18}},"10":{"start":{"line":20,"column":4},"end":{"line":38,"column":5}},"11":{"start":{"line":21,"column":34},"end":{"line":21,"column":42}},"12":{"start":{"line":22,"column":6},"end":{"line":22,"column":50}},"13":{"start":{"line":22,"column":18},"end":{"line":22,"column":50}},"14":{"start":{"line":23,"column":6},"end":{"line":23,"column":52}},"15":{"start":{"line":23,"column":21},"end":{"line":23,"column":52}},"16":{"start":{"line":25,"column":19},"end":{"line":25,"column":66}},"17":{"start":{"line":26,"column":6},"end":{"line":26,"column":48}},"18":{"start":{"line":26,"column":17},"end":{"line":26,"column":48}},"19":{"start":{"line":28,"column":24},"end":{"line":28,"column":64}},"20":{"start":{"line":29,"column":6},"end":{"line":29,"column":53}},"21":{"start":{"line":29,"column":22},"end":{"line":29,"column":53}},"22":{"start":{"line":31,"column":22},"end":{"line":31,"column":37}},"23":{"start":{"line":32,"column":20},"end":{"line":32,"column":38}},"24":{"start":{"line":33,"column":21},"end":{"line":33,"column":32}},"25":{"start":{"line":34,"column":6},"end":{"line":34,"column":78}},"26":{"start":{"line":36,"column":6},"end":{"line":36,"column":25}},"27":{"start":{"line":37,"column":6},"end":{"line":37,"column":18}},"28":{"start":{"line":42,"column":4},"end":{"line":72,"column":5}},"29":{"start":{"line":43,"column":30},"end":{"line":43,"column":38}},"30":{"start":{"line":44,"column":6},"end":{"line":46,"column":8}},"31":{"start":{"line":47,"column":21},"end":{"line":51,"column":8}},"32":{"start":{"line":52,"column":6},"end":{"line":52,"column":50}},"33":{"start":{"line":52,"column":19},"end":{"line":52,"column":50}},"34":{"start":{"line":54,"column":6},"end":{"line":54,"column":43}},"35":{"start":{"line":55,"column":30},"end":{"line":55,"column":49}},"36":{"start":{"line":56,"column":30},"end":{"line":63,"column":8}},"37":{"start":{"line":64,"column":22},"end":{"line":64,"column":37}},"38":{"start":{"line":65,"column":20},"end":{"line":65,"column":38}},"39":{"start":{"line":66,"column":21},"end":{"line":66,"column":32}},"40":{"start":{"line":68,"column":6},"end":{"line":68,"column":93}},"41":{"start":{"line":70,"column":6},"end":{"line":70,"column":25}},"42":{"start":{"line":71,"column":6},"end":{"line":71,"column":18}},"43":{"start":{"line":76,"column":0},"end":{"line":76,"column":32}}},"fnMap":{"0":{"name":"(anonymous_0)","decl":{"start":{"line":8,"column":2},"end":{"line":8,"column":3}},"loc":{"start":{"line":8,"column":40},"end":{"line":17,"column":3}},"line":8},"1":{"name":"(anonymous_1)","decl":{"start":{"line":19,"column":2},"end":{"line":19,"column":3}},"loc":{"start":{"line":19,"column":37},"end":{"line":39,"column":3}},"line":19},"2":{"name":"(anonymous_2)","decl":{"start":{"line":41,"column":2},"end":{"line":41,"column":3}},"loc":{"start":{"line":41,"column":43},"end":{"line":73,"column":3}},"line":41}},"branchMap":{"0":{"loc":{"start":{"line":22,"column":6},"end":{"line":22,"column":50}},"type":"if","locations":[{"start":{"line":22,"column":6},"end":{"line":22,"column":50}},{"start":{},"end":{}}],"line":22},"1":{"loc":{"start":{"line":23,"column":6},"end":{"line":23,"column":52}},"type":"if","locations":[{"start":{"line":23,"column":6},"end":{"line":23,"column":52}},{"start":{},"end":{}}],"line":23},"2":{"loc":{"start":{"line":26,"column":6},"end":{"line":26,"column":48}},"type":"if","locations":[{"start":{"line":26,"column":6},"end":{"line":26,"column":48}},{"start":{},"end":{}}],"line":26},"3":{"loc":{"start":{"line":29,"column":6},"end":{"line":29,"column":53}},"type":"if","locations":[{"start":{"line":29,"column":6},"end":{"line":29,"column":53}},{"start":{},"end":{}}],"line":29},"4":{"loc":{"start":{"line":52,"column":6},"end":{"line":52,"column":50}},"type":"if","locations":[{"start":{"line":52,"column":6},"end":{"line":52,"column":50}},{"start":{},"end":{}}],"line":52}},"s":{"0":1,"1":1,"2":1,"3":1,"4":1,"5":7,"6":7,"7":2,"8":5,"9":5,"10":5,"11":5,"12":5,"13":1,"14":4,"15":1,"16":3,"17":3,"18":1,"19":2,"20":2,"21":1,"22":1,"23":1,"24":1,"25":1,"26":4,"27":4,"28":0,"29":0,"30":0,"31":0,"32":0,"33":0,"34":0,"35":0,"36":0,"37":0,"38":0,"39":0,"40":0,"41":0,"42":0,"43":1},"f":{"0":7,"1":5,"2":0},"b":{"0":[1,4],"1":[1,3],"2":[1,2],"3":[1,1],"4":[0,0]},"_coverageSchema":"1a1c01bbd47fc00a2c39e90264f33305004495a9","hash":"6640ba687a7f0298ba2a5507b39eb0da43d899b2"}
,"C:\\Users\\bryan geraldio\\Documents\\Hacktiv8\\PHASE-2\\Week3\\IP-Geraldioo\\server\\controllers\\controller.js": {"path":"C:\\Users\\bryan geraldio\\Documents\\Hacktiv8\\PHASE-2\\Week3\\IP-Geraldioo\\server\\controllers\\controller.js","statementMap":{"0":{"start":{"line":1,"column":48},"end":{"line":1,"column":74}},"1":{"start":{"line":2,"column":23},"end":{"line":2,"column":49}},"2":{"start":{"line":3,"column":14},"end":{"line":3,"column":30}},"3":{"start":{"line":4,"column":19},"end":{"line":4,"column":40}},"4":{"start":{"line":5,"column":15},"end":{"line":5,"column":35}},"5":{"start":{"line":9,"column":4},"end":{"line":51,"column":5}},"6":{"start":{"line":10,"column":30},"end":{"line":10,"column":39}},"7":{"start":{"line":11,"column":19},"end":{"line":11,"column":45}},"8":{"start":{"line":13,"column":6},"end":{"line":19,"column":7}},"9":{"start":{"line":14,"column":8},"end":{"line":18,"column":10}},"10":{"start":{"line":22,"column":18},"end":{"line":22,"column":20}},"11":{"start":{"line":23,"column":23},"end":{"line":23,"column":24}},"12":{"start":{"line":24,"column":6},"end":{"line":38,"column":7}},"13":{"start":{"line":25,"column":8},"end":{"line":28,"column":9}},"14":{"start":{"line":26,"column":10},"end":{"line":26,"column":29}},"15":{"start":{"line":27,"column":10},"end":{"line":27,"column":31}},"16":{"start":{"line":30,"column":8},"end":{"line":34,"column":9}},"17":{"start":{"line":31,"column":10},"end":{"line":31,"column":36}},"18":{"start":{"line":32,"column":10},"end":{"line":32,"column":51}},"19":{"start":{"line":33,"column":10},"end":{"line":33,"column":31}},"20":{"start":{"line":36,"column":8},"end":{"line":36,"column":29}},"21":{"start":{"line":37,"column":8},"end":{"line":37,"column":49}},"22":{"start":{"line":40,"column":30},"end":{"line":40,"column":65}},"23":{"start":{"line":41,"column":6},"end":{"line":47,"column":9}},"24":{"start":{"line":49,"column":6},"end":{"line":49,"column":25}},"25":{"start":{"line":50,"column":6},"end":{"line":50,"column":18}},"26":{"start":{"line":55,"column":4},"end":{"line":78,"column":5}},"27":{"start":{"line":56,"column":21},"end":{"line":56,"column":31}},"28":{"start":{"line":58,"column":20},"end":{"line":65,"column":8}},"29":{"start":{"line":67,"column":6},"end":{"line":69,"column":7}},"30":{"start":{"line":68,"column":8},"end":{"line":68,"column":35}},"31":{"start":{"line":70,"column":6},"end":{"line":72,"column":7}},"32":{"start":{"line":71,"column":8},"end":{"line":71,"column":35}},"33":{"start":{"line":74,"column":6},"end":{"line":74,"column":34}},"34":{"start":{"line":76,"column":6},"end":{"line":76,"column":33}},"35":{"start":{"line":77,"column":6},"end":{"line":77,"column":18}},"36":{"start":{"line":82,"column":4},"end":{"line":100,"column":5}},"37":{"start":{"line":83,"column":21},"end":{"line":83,"column":29}},"38":{"start":{"line":84,"column":23},"end":{"line":94,"column":8}},"39":{"start":{"line":96,"column":6},"end":{"line":96,"column":37}},"40":{"start":{"line":98,"column":6},"end":{"line":98,"column":25}},"41":{"start":{"line":99,"column":6},"end":{"line":99,"column":18}},"42":{"start":{"line":104,"column":4},"end":{"line":134,"column":5}},"43":{"start":{"line":105,"column":21},"end":{"line":105,"column":29}},"44":{"start":{"line":106,"column":26},"end":{"line":106,"column":36}},"45":{"start":{"line":108,"column":23},"end":{"line":108,"column":52}},"46":{"start":{"line":109,"column":6},"end":{"line":111,"column":7}},"47":{"start":{"line":110,"column":8},"end":{"line":110,"column":35}},"48":{"start":{"line":113,"column":22},"end":{"line":118,"column":8}},"49":{"start":{"line":120,"column":6},"end":{"line":122,"column":7}},"50":{"start":{"line":121,"column":8},"end":{"line":121,"column":37}},"51":{"start":{"line":124,"column":21},"end":{"line":127,"column":8}},"52":{"start":{"line":130,"column":6},"end":{"line":130,"column":67}},"53":{"start":{"line":132,"column":6},"end":{"line":132,"column":25}},"54":{"start":{"line":133,"column":6},"end":{"line":133,"column":18}},"55":{"start":{"line":138,"column":4},"end":{"line":166,"column":5}},"56":{"start":{"line":139,"column":34},"end":{"line":139,"column":42}},"57":{"start":{"line":140,"column":26},"end":{"line":140,"column":36}},"58":{"start":{"line":142,"column":20},"end":{"line":142,"column":49}},"59":{"start":{"line":143,"column":20},"end":{"line":143,"column":49}},"60":{"start":{"line":145,"column":6},"end":{"line":147,"column":7}},"61":{"start":{"line":146,"column":8},"end":{"line":146,"column":35}},"62":{"start":{"line":149,"column":6},"end":{"line":151,"column":7}},"63":{"start":{"line":150,"column":8},"end":{"line":150,"column":35}},"64":{"start":{"line":157,"column":22},"end":{"line":160,"column":8}},"65":{"start":{"line":162,"column":6},"end":{"line":162,"column":36}},"66":{"start":{"line":164,"column":6},"end":{"line":164,"column":25}},"67":{"start":{"line":165,"column":6},"end":{"line":165,"column":18}},"68":{"start":{"line":170,"column":4},"end":{"line":189,"column":5}},"69":{"start":{"line":171,"column":26},"end":{"line":171,"column":36}},"70":{"start":{"line":173,"column":22},"end":{"line":173,"column":54}},"71":{"start":{"line":174,"column":6},"end":{"line":179,"column":7}},"72":{"start":{"line":175,"column":8},"end":{"line":178,"column":10}},"73":{"start":{"line":181,"column":6},"end":{"line":181,"column":30}},"74":{"start":{"line":183,"column":6},"end":{"line":185,"column":68}},"75":{"start":{"line":187,"column":6},"end":{"line":187,"column":25}},"76":{"start":{"line":188,"column":6},"end":{"line":188,"column":18}},"77":{"start":{"line":193,"column":4},"end":{"line":200,"column":5}},"78":{"start":{"line":195,"column":20},"end":{"line":195,"column":41}},"79":{"start":{"line":196,"column":6},"end":{"line":196,"column":34}},"80":{"start":{"line":198,"column":6},"end":{"line":198,"column":25}},"81":{"start":{"line":199,"column":6},"end":{"line":199,"column":18}},"82":{"start":{"line":204,"column":4},"end":{"line":245,"column":5}},"83":{"start":{"line":205,"column":17},"end":{"line":208,"column":8}},"84":{"start":{"line":210,"column":20},"end":{"line":210,"column":44}},"85":{"start":{"line":211,"column":19},"end":{"line":211,"column":26}},"86":{"start":{"line":213,"column":22},"end":{"line":225,"column":7}},"87":{"start":{"line":227,"column":26},"end":{"line":227,"column":65}},"88":{"start":{"line":228,"column":29},"end":{"line":228,"column":46}},"89":{"start":{"line":232,"column":6},"end":{"line":236,"column":9}},"90":{"start":{"line":238,"column":6},"end":{"line":238,"column":61}},"91":{"start":{"line":239,"column":6},"end":{"line":241,"column":71}},"92":{"start":{"line":243,"column":6},"end":{"line":243,"column":25}},"93":{"start":{"line":244,"column":6},"end":{"line":244,"column":18}},"94":{"start":{"line":249,"column":24},"end":{"line":255,"column":6}},"95":{"start":{"line":257,"column":4},"end":{"line":315,"column":5}},"96":{"start":{"line":258,"column":26},"end":{"line":258,"column":34}},"97":{"start":{"line":260,"column":20},"end":{"line":264,"column":8}},"98":{"start":{"line":266,"column":6},"end":{"line":266,"column":50}},"99":{"start":{"line":266,"column":18},"end":{"line":266,"column":50}},"100":{"start":{"line":268,"column":6},"end":{"line":270,"column":7}},"101":{"start":{"line":269,"column":8},"end":{"line":269,"column":76}},"102":{"start":{"line":272,"column":6},"end":{"line":274,"column":7}},"103":{"start":{"line":273,"column":8},"end":{"line":273,"column":71}},"104":{"start":{"line":276,"column":24},"end":{"line":276,"column":55}},"105":{"start":{"line":277,"column":30},"end":{"line":277,"column":77}},"106":{"start":{"line":278,"column":23},"end":{"line":285,"column":7}},"107":{"start":{"line":287,"column":6},"end":{"line":311,"column":7}},"108":{"start":{"line":291,"column":8},"end":{"line":291,"column":53}},"109":{"start":{"line":292,"column":8},"end":{"line":292,"column":69}},"110":{"start":{"line":295,"column":30},"end":{"line":300,"column":12}},"111":{"start":{"line":301,"column":10},"end":{"line":301,"column":65}},"112":{"start":{"line":304,"column":8},"end":{"line":304,"column":36}},"113":{"start":{"line":306,"column":8},"end":{"line":306,"column":61}},"114":{"start":{"line":308,"column":8},"end":{"line":310,"column":69}},"115":{"start":{"line":313,"column":6},"end":{"line":313,"column":25}},"116":{"start":{"line":314,"column":6},"end":{"line":314,"column":18}},"117":{"start":{"line":319,"column":0},"end":{"line":319,"column":28}}},"fnMap":{"0":{"name":"(anonymous_0)","decl":{"start":{"line":8,"column":2},"end":{"line":8,"column":3}},"loc":{"start":{"line":8,"column":40},"end":{"line":52,"column":3}},"line":8},"1":{"name":"(anonymous_1)","decl":{"start":{"line":54,"column":2},"end":{"line":54,"column":3}},"loc":{"start":{"line":54,"column":44},"end":{"line":79,"column":3}},"line":54},"2":{"name":"(anonymous_2)","decl":{"start":{"line":81,"column":2},"end":{"line":81,"column":3}},"loc":{"start":{"line":81,"column":38},"end":{"line":101,"column":3}},"line":81},"3":{"name":"(anonymous_3)","decl":{"start":{"line":103,"column":2},"end":{"line":103,"column":3}},"loc":{"start":{"line":103,"column":38},"end":{"line":135,"column":3}},"line":103},"4":{"name":"(anonymous_4)","decl":{"start":{"line":137,"column":2},"end":{"line":137,"column":3}},"loc":{"start":{"line":137,"column":39},"end":{"line":167,"column":3}},"line":137},"5":{"name":"(anonymous_5)","decl":{"start":{"line":169,"column":2},"end":{"line":169,"column":3}},"loc":{"start":{"line":169,"column":41},"end":{"line":190,"column":3}},"line":169},"6":{"name":"(anonymous_6)","decl":{"start":{"line":192,"column":2},"end":{"line":192,"column":3}},"loc":{"start":{"line":192,"column":40},"end":{"line":201,"column":3}},"line":192},"7":{"name":"(anonymous_7)","decl":{"start":{"line":203,"column":2},"end":{"line":203,"column":3}},"loc":{"start":{"line":203,"column":47},"end":{"line":246,"column":3}},"line":203},"8":{"name":"(anonymous_8)","decl":{"start":{"line":248,"column":2},"end":{"line":248,"column":3}},"loc":{"start":{"line":248,"column":46},"end":{"line":316,"column":3}},"line":248},"9":{"name":"main","decl":{"start":{"line":294,"column":23},"end":{"line":294,"column":27}},"loc":{"start":{"line":294,"column":30},"end":{"line":302,"column":9}},"line":294}},"branchMap":{"0":{"loc":{"start":{"line":13,"column":6},"end":{"line":19,"column":7}},"type":"if","locations":[{"start":{"line":13,"column":6},"end":{"line":19,"column":7}},{"start":{},"end":{}}],"line":13},"1":{"loc":{"start":{"line":24,"column":6},"end":{"line":38,"column":7}},"type":"if","locations":[{"start":{"line":24,"column":6},"end":{"line":38,"column":7}},{"start":{"line":35,"column":13},"end":{"line":38,"column":7}}],"line":24},"2":{"loc":{"start":{"line":25,"column":8},"end":{"line":28,"column":9}},"type":"if","locations":[{"start":{"line":25,"column":8},"end":{"line":28,"column":9}},{"start":{},"end":{}}],"line":25},"3":{"loc":{"start":{"line":30,"column":8},"end":{"line":34,"column":9}},"type":"if","locations":[{"start":{"line":30,"column":8},"end":{"line":34,"column":9}},{"start":{},"end":{}}],"line":30},"4":{"loc":{"start":{"line":67,"column":6},"end":{"line":69,"column":7}},"type":"if","locations":[{"start":{"line":67,"column":6},"end":{"line":69,"column":7}},{"start":{},"end":{}}],"line":67},"5":{"loc":{"start":{"line":70,"column":6},"end":{"line":72,"column":7}},"type":"if","locations":[{"start":{"line":70,"column":6},"end":{"line":72,"column":7}},{"start":{},"end":{}}],"line":70},"6":{"loc":{"start":{"line":109,"column":6},"end":{"line":111,"column":7}},"type":"if","locations":[{"start":{"line":109,"column":6},"end":{"line":111,"column":7}},{"start":{},"end":{}}],"line":109},"7":{"loc":{"start":{"line":120,"column":6},"end":{"line":122,"column":7}},"type":"if","locations":[{"start":{"line":120,"column":6},"end":{"line":122,"column":7}},{"start":{},"end":{}}],"line":120},"8":{"loc":{"start":{"line":145,"column":6},"end":{"line":147,"column":7}},"type":"if","locations":[{"start":{"line":145,"column":6},"end":{"line":147,"column":7}},{"start":{},"end":{}}],"line":145},"9":{"loc":{"start":{"line":149,"column":6},"end":{"line":151,"column":7}},"type":"if","locations":[{"start":{"line":149,"column":6},"end":{"line":151,"column":7}},{"start":{},"end":{}}],"line":149},"10":{"loc":{"start":{"line":174,"column":6},"end":{"line":179,"column":7}},"type":"if","locations":[{"start":{"line":174,"column":6},"end":{"line":179,"column":7}},{"start":{},"end":{}}],"line":174},"11":{"loc":{"start":{"line":266,"column":6},"end":{"line":266,"column":50}},"type":"if","locations":[{"start":{"line":266,"column":6},"end":{"line":266,"column":50}},{"start":{},"end":{}}],"line":266},"12":{"loc":{"start":{"line":268,"column":6},"end":{"line":270,"column":7}},"type":"if","locations":[{"start":{"line":268,"column":6},"end":{"line":270,"column":7}},{"start":{},"end":{}}],"line":268},"13":{"loc":{"start":{"line":272,"column":6},"end":{"line":274,"column":7}},"type":"if","locations":[{"start":{"line":272,"column":6},"end":{"line":274,"column":7}},{"start":{},"end":{}}],"line":272},"14":{"loc":{"start":{"line":287,"column":6},"end":{"line":311,"column":7}},"type":"if","locations":[{"start":{"line":287,"column":6},"end":{"line":311,"column":7}},{"start":{"line":307,"column":13},"end":{"line":311,"column":7}}],"line":287},"15":{"loc":{"start":{"line":288,"column":8},"end":{"line":289,"column":34}},"type":"binary-expr","locations":[{"start":{"line":288,"column":8},"end":{"line":288,"column":45}},{"start":{"line":289,"column":8},"end":{"line":289,"column":34}}],"line":288}},"s":{"0":1,"1":1,"2":1,"3":1,"4":1,"5":0,"6":0,"7":0,"8":0,"9":0,"10":0,"11":0,"12":0,"13":0,"14":0,"15":0,"16":0,"17":0,"18":0,"19":0,"20":0,"21":0,"22":0,"23":0,"24":0,"25":0,"26":0,"27":0,"28":0,"29":0,"30":0,"31":0,"32":0,"33":0,"34":0,"35":0,"36":0,"37":0,"38":0,"39":0,"40":0,"41":0,"42":0,"43":0,"44":0,"45":0,"46":0,"47":0,"48":0,"49":0,"50":0,"51":0,"52":0,"53":0,"54":0,"55":0,"56":0,"57":0,"58":0,"59":0,"60":0,"61":0,"62":0,"63":0,"64":0,"65":0,"66":0,"67":0,"68":0,"69":0,"70":0,"71":0,"72":0,"73":0,"74":0,"75":0,"76":0,"77":0,"78":0,"79":0,"80":0,"81":0,"82":0,"83":0,"84":0,"85":0,"86":0,"87":0,"88":0,"89":0,"90":0,"91":0,"92":0,"93":0,"94":0,"95":0,"96":0,"97":0,"98":0,"99":0,"100":0,"101":0,"102":0,"103":0,"104":0,"105":0,"106":0,"107":0,"108":0,"109":0,"110":0,"111":0,"112":0,"113":0,"114":0,"115":0,"116":0,"117":1},"f":{"0":0,"1":0,"2":0,"3":0,"4":0,"5":0,"6":0,"7":0,"8":0,"9":0},"b":{"0":[0,0],"1":[0,0],"2":[0,0],"3":[0,0],"4":[0,0],"5":[0,0],"6":[0,0],"7":[0,0],"8":[0,0],"9":[0,0],"10":[0,0],"11":[0,0],"12":[0,0],"13":[0,0],"14":[0,0],"15":[0,0]},"_coverageSchema":"1a1c01bbd47fc00a2c39e90264f33305004495a9","hash":"42fe06ff7661329d8ef3ceeced2e3ac2eb850b1b"}
,"C:\\Users\\bryan geraldio\\Documents\\Hacktiv8\\PHASE-2\\Week3\\IP-Geraldioo\\server\\helpers\\bcrypt.js": {"path":"C:\\Users\\bryan geraldio\\Documents\\Hacktiv8\\PHASE-2\\Week3\\IP-Geraldioo\\server\\helpers\\bcrypt.js","statementMap":{"0":{"start":{"line":1,"column":15},"end":{"line":1,"column":34}},"1":{"start":{"line":3,"column":21},"end":{"line":5,"column":1}},"2":{"start":{"line":4,"column":2},"end":{"line":4,"column":60}},"3":{"start":{"line":7,"column":24},"end":{"line":9,"column":1}},"4":{"start":{"line":8,"column":2},"end":{"line":8,"column":51}},"5":{"start":{"line":11,"column":0},"end":{"line":11,"column":51}}},"fnMap":{"0":{"name":"(anonymous_0)","decl":{"start":{"line":3,"column":21},"end":{"line":3,"column":22}},"loc":{"start":{"line":3,"column":36},"end":{"line":5,"column":1}},"line":3},"1":{"name":"(anonymous_1)","decl":{"start":{"line":7,"column":24},"end":{"line":7,"column":25}},"loc":{"start":{"line":7,"column":51},"end":{"line":9,"column":1}},"line":7}},"branchMap":{},"s":{"0":1,"1":1,"2":3,"3":1,"4":2,"5":1},"f":{"0":3,"1":2},"b":{},"_coverageSchema":"1a1c01bbd47fc00a2c39e90264f33305004495a9","hash":"df66a4dd4a4c2337ff3ac986111dfb726d7fdb79"}
,"C:\\Users\\bryan geraldio\\Documents\\Hacktiv8\\PHASE-2\\Week3\\IP-Geraldioo\\server\\helpers\\jwt.js": {"path":"C:\\Users\\bryan geraldio\\Documents\\Hacktiv8\\PHASE-2\\Week3\\IP-Geraldioo\\server\\helpers\\jwt.js","statementMap":{"0":{"start":{"line":1,"column":12},"end":{"line":1,"column":35}},"1":{"start":{"line":3,"column":15},"end":{"line":3,"column":37}},"2":{"start":{"line":5,"column":18},"end":{"line":7,"column":1}},"3":{"start":{"line":6,"column":4},"end":{"line":6,"column":36}},"4":{"start":{"line":9,"column":20},"end":{"line":11,"column":1}},"5":{"start":{"line":10,"column":4},"end":{"line":10,"column":36}},"6":{"start":{"line":13,"column":0},"end":{"line":13,"column":41}}},"fnMap":{"0":{"name":"(anonymous_0)","decl":{"start":{"line":5,"column":18},"end":{"line":5,"column":19}},"loc":{"start":{"line":5,"column":31},"end":{"line":7,"column":1}},"line":5},"1":{"name":"(anonymous_1)","decl":{"start":{"line":9,"column":20},"end":{"line":9,"column":21}},"loc":{"start":{"line":9,"column":31},"end":{"line":11,"column":1}},"line":9}},"branchMap":{},"s":{"0":1,"1":1,"2":1,"3":2,"4":1,"5":0,"6":1},"f":{"0":2,"1":0},"b":{},"_coverageSchema":"1a1c01bbd47fc00a2c39e90264f33305004495a9","hash":"81f83a47104df76cc445ba4112bbbd47c25bce49"}
,"C:\\Users\\bryan geraldio\\Documents\\Hacktiv8\\PHASE-2\\Week3\\IP-Geraldioo\\server\\middlewares\\authentication.js": {"path":"C:\\Users\\bryan geraldio\\Documents\\Hacktiv8\\PHASE-2\\Week3\\IP-Geraldioo\\server\\middlewares\\authentication.js","statementMap":{"0":{"start":{"line":1,"column":24},"end":{"line":1,"column":49}},"1":{"start":{"line":2,"column":15},"end":{"line":2,"column":35}},"2":{"start":{"line":4,"column":23},"end":{"line":23,"column":1}},"3":{"start":{"line":5,"column":4},"end":{"line":22,"column":5}},"4":{"start":{"line":7,"column":32},"end":{"line":7,"column":43}},"5":{"start":{"line":8,"column":8},"end":{"line":8,"column":56}},"6":{"start":{"line":8,"column":28},"end":{"line":8,"column":56}},"7":{"start":{"line":10,"column":30},"end":{"line":10,"column":54}},"8":{"start":{"line":11,"column":8},"end":{"line":11,"column":59}},"9":{"start":{"line":11,"column":31},"end":{"line":11,"column":59}},"10":{"start":{"line":13,"column":21},"end":{"line":13,"column":39}},"11":{"start":{"line":15,"column":21},"end":{"line":15,"column":44}},"12":{"start":{"line":16,"column":8},"end":{"line":16,"column":47}},"13":{"start":{"line":16,"column":19},"end":{"line":16,"column":47}},"14":{"start":{"line":18,"column":8},"end":{"line":18,"column":23}},"15":{"start":{"line":19,"column":8},"end":{"line":19,"column":14}},"16":{"start":{"line":21,"column":8},"end":{"line":21,"column":19}},"17":{"start":{"line":25,"column":0},"end":{"line":25,"column":33}}},"fnMap":{"0":{"name":"(anonymous_0)","decl":{"start":{"line":4,"column":23},"end":{"line":4,"column":24}},"loc":{"start":{"line":4,"column":49},"end":{"line":23,"column":1}},"line":4}},"branchMap":{"0":{"loc":{"start":{"line":8,"column":8},"end":{"line":8,"column":56}},"type":"if","locations":[{"start":{"line":8,"column":8},"end":{"line":8,"column":56}},{"start":{},"end":{}}],"line":8},"1":{"loc":{"start":{"line":11,"column":8},"end":{"line":11,"column":59}},"type":"if","locations":[{"start":{"line":11,"column":8},"end":{"line":11,"column":59}},{"start":{},"end":{}}],"line":11},"2":{"loc":{"start":{"line":16,"column":8},"end":{"line":16,"column":47}},"type":"if","locations":[{"start":{"line":16,"column":8},"end":{"line":16,"column":47}},{"start":{},"end":{}}],"line":16}},"s":{"0":1,"1":1,"2":1,"3":0,"4":0,"5":0,"6":0,"7":0,"8":0,"9":0,"10":0,"11":0,"12":0,"13":0,"14":0,"15":0,"16":0,"17":1},"f":{"0":0},"b":{"0":[0,0],"1":[0,0],"2":[0,0]},"_coverageSchema":"1a1c01bbd47fc00a2c39e90264f33305004495a9","hash":"2238db8ab3d01909836feabdb28e8a3a83af5a10"}
,"C:\\Users\\bryan geraldio\\Documents\\Hacktiv8\\PHASE-2\\Week3\\IP-Geraldioo\\server\\middlewares\\authorization.js": {"path":"C:\\Users\\bryan geraldio\\Documents\\Hacktiv8\\PHASE-2\\Week3\\IP-Geraldioo\\server\\middlewares\\authorization.js","statementMap":{"0":{"start":{"line":1,"column":22},"end":{"line":13,"column":1}},"1":{"start":{"line":2,"column":2},"end":{"line":12,"column":3}},"2":{"start":{"line":4,"column":4},"end":{"line":8,"column":5}},"3":{"start":{"line":5,"column":6},"end":{"line":5,"column":13}},"4":{"start":{"line":7,"column":6},"end":{"line":7,"column":40}},"5":{"start":{"line":10,"column":4},"end":{"line":10,"column":23}},"6":{"start":{"line":11,"column":4},"end":{"line":11,"column":16}},"7":{"start":{"line":15,"column":0},"end":{"line":15,"column":35}}},"fnMap":{"0":{"name":"(anonymous_0)","decl":{"start":{"line":1,"column":22},"end":{"line":1,"column":23}},"loc":{"start":{"line":1,"column":48},"end":{"line":13,"column":1}},"line":1}},"branchMap":{"0":{"loc":{"start":{"line":4,"column":4},"end":{"line":8,"column":5}},"type":"if","locations":[{"start":{"line":4,"column":4},"end":{"line":8,"column":5}},{"start":{"line":6,"column":11},"end":{"line":8,"column":5}}],"line":4}},"s":{"0":1,"1":0,"2":0,"3":0,"4":0,"5":0,"6":0,"7":1},"f":{"0":0},"b":{"0":[0,0]},"_coverageSchema":"1a1c01bbd47fc00a2c39e90264f33305004495a9","hash":"d561dbbe74816234cf4e554dca233f9051c07666"}
,"C:\\Users\\bryan geraldio\\Documents\\Hacktiv8\\PHASE-2\\Week3\\IP-Geraldioo\\server\\middlewares\\errHandler.js": {"path":"C:\\Users\\bryan geraldio\\Documents\\Hacktiv8\\PHASE-2\\Week3\\IP-Geraldioo\\server\\middlewares\\errHandler.js","statementMap":{"0":{"start":{"line":1,"column":19},"end":{"line":52,"column":1}},"1":{"start":{"line":2,"column":2},"end":{"line":51,"column":3}},"2":{"start":{"line":4,"column":6},"end":{"line":4,"column":63}},"3":{"start":{"line":5,"column":6},"end":{"line":5,"column":12}},"4":{"start":{"line":7,"column":6},"end":{"line":7,"column":68}},"5":{"start":{"line":8,"column":6},"end":{"line":8,"column":12}},"6":{"start":{"line":10,"column":6},"end":{"line":12,"column":74}},"7":{"start":{"line":13,"column":6},"end":{"line":13,"column":12}},"8":{"start":{"line":15,"column":6},"end":{"line":15,"column":73}},"9":{"start":{"line":16,"column":6},"end":{"line":16,"column":12}},"10":{"start":{"line":18,"column":6},"end":{"line":18,"column":61}},"11":{"start":{"line":19,"column":6},"end":{"line":19,"column":12}},"12":{"start":{"line":21,"column":6},"end":{"line":21,"column":64}},"13":{"start":{"line":22,"column":6},"end":{"line":22,"column":12}},"14":{"start":{"line":24,"column":6},"end":{"line":24,"column":66}},"15":{"start":{"line":25,"column":6},"end":{"line":25,"column":12}},"16":{"start":{"line":27,"column":6},"end":{"line":27,"column":64}},"17":{"start":{"line":28,"column":6},"end":{"line":28,"column":12}},"18":{"start":{"line":30,"column":6},"end":{"line":30,"column":65}},"19":{"start":{"line":31,"column":6},"end":{"line":31,"column":12}},"20":{"start":{"line":33,"column":6},"end":{"line":35,"column":72}},"21":{"start":{"line":36,"column":6},"end":{"line":36,"column":12}},"22":{"start":{"line":39,"column":6},"end":{"line":39,"column":57}},"23":{"start":{"line":40,"column":6},"end":{"line":40,"column":12}},"24":{"start":{"line":42,"column":6},"end":{"line":42,"column":60}},"25":{"start":{"line":43,"column":6},"end":{"line":43,"column":12}},"26":{"start":{"line":45,"column":6},"end":{"line":45,"column":68}},"27":{"start":{"line":46,"column":6},"end":{"line":46,"column":12}},"28":{"start":{"line":48,"column":6},"end":{"line":48,"column":23}},"29":{"start":{"line":49,"column":6},"end":{"line":49,"column":65}},"30":{"start":{"line":50,"column":6},"end":{"line":50,"column":12}},"31":{"start":{"line":54,"column":0},"end":{"line":54,"column":32}}},"fnMap":{"0":{"name":"(anonymous_0)","decl":{"start":{"line":1,"column":19},"end":{"line":1,"column":20}},"loc":{"start":{"line":1,"column":44},"end":{"line":52,"column":1}},"line":1}},"branchMap":{"0":{"loc":{"start":{"line":2,"column":2},"end":{"line":51,"column":3}},"type":"switch","locations":[{"start":{"line":3,"column":4},"end":{"line":5,"column":12}},{"start":{"line":6,"column":4},"end":{"line":8,"column":12}},{"start":{"line":9,"column":4},"end":{"line":13,"column":12}},{"start":{"line":14,"column":4},"end":{"line":16,"column":12}},{"start":{"line":17,"column":4},"end":{"line":19,"column":12}},{"start":{"line":20,"column":4},"end":{"line":22,"column":12}},{"start":{"line":23,"column":4},"end":{"line":25,"column":12}},{"start":{"line":26,"column":4},"end":{"line":28,"column":12}},{"start":{"line":29,"column":4},"end":{"line":31,"column":12}},{"start":{"line":32,"column":4},"end":{"line":36,"column":12}},{"start":{"line":37,"column":4},"end":{"line":37,"column":24}},{"start":{"line":38,"column":4},"end":{"line":40,"column":12}},{"start":{"line":41,"column":4},"end":{"line":43,"column":12}},{"start":{"line":44,"column":4},"end":{"line":46,"column":12}},{"start":{"line":47,"column":4},"end":{"line":50,"column":12}}],"line":2}},"s":{"0":1,"1":9,"2":5,"3":5,"4":0,"5":0,"6":0,"7":0,"8":0,"9":0,"10":1,"11":1,"12":1,"13":1,"14":2,"15":2,"16":0,"17":0,"18":0,"19":0,"20":0,"21":0,"22":0,"23":0,"24":0,"25":0,"26":0,"27":0,"28":0,"29":0,"30":0,"31":1},"f":{"0":9},"b":{"0":[5,0,0,0,1,1,2,0,0,0,0,0,0,0,0]},"_coverageSchema":"1a1c01bbd47fc00a2c39e90264f33305004495a9","hash":"b6f8ce496a67ad886cde6146a1eb119ae860b160"}
,"C:\\Users\\bryan geraldio\\Documents\\Hacktiv8\\PHASE-2\\Week3\\IP-Geraldioo\\server\\models\\anime.js": {"path":"C:\\Users\\bryan geraldio\\Documents\\Hacktiv8\\PHASE-2\\Week3\\IP-Geraldioo\\server\\models\\anime.js","statementMap":{"0":{"start":{"line":2,"column":18},"end":{"line":2,"column":38}},"1":{"start":{"line":3,"column":0},"end":{"line":127,"column":2}},"2":{"start":{"line":12,"column":6},"end":{"line":14,"column":9}},"3":{"start":{"line":15,"column":6},"end":{"line":17,"column":8}},"4":{"start":{"line":20,"column":2},"end":{"line":125,"column":4}},"5":{"start":{"line":126,"column":2},"end":{"line":126,"column":15}}},"fnMap":{"0":{"name":"(anonymous_0)","decl":{"start":{"line":3,"column":17},"end":{"line":3,"column":18}},"loc":{"start":{"line":3,"column":43},"end":{"line":127,"column":1}},"line":3},"1":{"name":"(anonymous_1)","decl":{"start":{"line":10,"column":4},"end":{"line":10,"column":5}},"loc":{"start":{"line":10,"column":29},"end":{"line":18,"column":5}},"line":10}},"branchMap":{},"s":{"0":1,"1":1,"2":1,"3":1,"4":1,"5":1},"f":{"0":1,"1":1},"b":{},"_coverageSchema":"1a1c01bbd47fc00a2c39e90264f33305004495a9","hash":"3590561b10add970b4e95516f5930db5cc378281"}
,"C:\\Users\\bryan geraldio\\Documents\\Hacktiv8\\PHASE-2\\Week3\\IP-Geraldioo\\server\\models\\favorite.js": {"path":"C:\\Users\\bryan geraldio\\Documents\\Hacktiv8\\PHASE-2\\Week3\\IP-Geraldioo\\server\\models\\favorite.js","statementMap":{"0":{"start":{"line":2,"column":18},"end":{"line":2,"column":38}},"1":{"start":{"line":3,"column":0},"end":{"line":31,"column":2}},"2":{"start":{"line":12,"column":6},"end":{"line":14,"column":9}},"3":{"start":{"line":15,"column":6},"end":{"line":17,"column":9}},"4":{"start":{"line":20,"column":2},"end":{"line":29,"column":4}},"5":{"start":{"line":30,"column":2},"end":{"line":30,"column":18}}},"fnMap":{"0":{"name":"(anonymous_0)","decl":{"start":{"line":3,"column":17},"end":{"line":3,"column":18}},"loc":{"start":{"line":3,"column":43},"end":{"line":31,"column":1}},"line":3},"1":{"name":"(anonymous_1)","decl":{"start":{"line":10,"column":4},"end":{"line":10,"column":5}},"loc":{"start":{"line":10,"column":29},"end":{"line":18,"column":5}},"line":10}},"branchMap":{},"s":{"0":1,"1":1,"2":1,"3":1,"4":1,"5":1},"f":{"0":1,"1":1},"b":{},"_coverageSchema":"1a1c01bbd47fc00a2c39e90264f33305004495a9","hash":"5722893959bb415d5477246f9a15777245155d84"}
,"C:\\Users\\bryan geraldio\\Documents\\Hacktiv8\\PHASE-2\\Week3\\IP-Geraldioo\\server\\models\\index.js": {"path":"C:\\Users\\bryan geraldio\\Documents\\Hacktiv8\\PHASE-2\\Week3\\IP-Geraldioo\\server\\models\\index.js","statementMap":{"0":{"start":{"line":3,"column":11},"end":{"line":3,"column":24}},"1":{"start":{"line":4,"column":13},"end":{"line":4,"column":28}},"2":{"start":{"line":5,"column":18},"end":{"line":5,"column":38}},"3":{"start":{"line":6,"column":16},"end":{"line":6,"column":34}},"4":{"start":{"line":7,"column":17},"end":{"line":7,"column":42}},"5":{"start":{"line":8,"column":12},"end":{"line":8,"column":49}},"6":{"start":{"line":9,"column":15},"end":{"line":9,"column":65}},"7":{"start":{"line":10,"column":11},"end":{"line":10,"column":13}},"8":{"start":{"line":13,"column":0},"end":{"line":17,"column":1}},"9":{"start":{"line":14,"column":2},"end":{"line":14,"column":74}},"10":{"start":{"line":16,"column":2},"end":{"line":16,"column":87}},"11":{"start":{"line":19,"column":0},"end":{"line":32,"column":5}},"12":{"start":{"line":22,"column":4},"end":{"line":27,"column":6}},"13":{"start":{"line":30,"column":18},"end":{"line":30,"column":85}},"14":{"start":{"line":31,"column":4},"end":{"line":31,"column":27}},"15":{"start":{"line":34,"column":0},"end":{"line":38,"column":3}},"16":{"start":{"line":35,"column":2},"end":{"line":37,"column":3}},"17":{"start":{"line":36,"column":4},"end":{"line":36,"column":32}},"18":{"start":{"line":40,"column":0},"end":{"line":40,"column":25}},"19":{"start":{"line":41,"column":0},"end":{"line":41,"column":25}},"20":{"start":{"line":43,"column":0},"end":{"line":43,"column":20}}},"fnMap":{"0":{"name":"(anonymous_0)","decl":{"start":{"line":21,"column":10},"end":{"line":21,"column":11}},"loc":{"start":{"line":21,"column":18},"end":{"line":28,"column":3}},"line":21},"1":{"name":"(anonymous_1)","decl":{"start":{"line":29,"column":11},"end":{"line":29,"column":12}},"loc":{"start":{"line":29,"column":19},"end":{"line":32,"column":3}},"line":29},"2":{"name":"(anonymous_2)","decl":{"start":{"line":34,"column":24},"end":{"line":34,"column":25}},"loc":{"start":{"line":34,"column":37},"end":{"line":38,"column":1}},"line":34}},"branchMap":{"0":{"loc":{"start":{"line":8,"column":12},"end":{"line":8,"column":49}},"type":"binary-expr","locations":[{"start":{"line":8,"column":12},"end":{"line":8,"column":32}},{"start":{"line":8,"column":36},"end":{"line":8,"column":49}}],"line":8},"1":{"loc":{"start":{"line":13,"column":0},"end":{"line":17,"column":1}},"type":"if","locations":[{"start":{"line":13,"column":0},"end":{"line":17,"column":1}},{"start":{"line":15,"column":7},"end":{"line":17,"column":1}}],"line":13},"2":{"loc":{"start":{"line":23,"column":6},"end":{"line":26,"column":37}},"type":"binary-expr","locations":[{"start":{"line":23,"column":6},"end":{"line":23,"column":29}},{"start":{"line":24,"column":6},"end":{"line":24,"column":23}},{"start":{"line":25,"column":6},"end":{"line":25,"column":30}},{"start":{"line":26,"column":6},"end":{"line":26,"column":37}}],"line":23},"3":{"loc":{"start":{"line":35,"column":2},"end":{"line":37,"column":3}},"type":"if","locations":[{"start":{"line":35,"column":2},"end":{"line":37,"column":3}},{"start":{},"end":{}}],"line":35}},"s":{"0":1,"1":1,"2":1,"3":1,"4":1,"5":1,"6":1,"7":1,"8":1,"9":0,"10":1,"11":1,"12":6,"13":5,"14":5,"15":1,"16":5,"17":5,"18":1,"19":1,"20":1},"f":{"0":6,"1":5,"2":5},"b":{"0":[1,0],"1":[0,1],"2":[6,6,5,5],"3":[5,0]},"_coverageSchema":"1a1c01bbd47fc00a2c39e90264f33305004495a9","hash":"0d9992c1b9c7c15e95f603a1e7e4a61b49f4d206"}
,"C:\\Users\\bryan geraldio\\Documents\\Hacktiv8\\PHASE-2\\Week3\\IP-Geraldioo\\server\\models\\order.js": {"path":"C:\\Users\\bryan geraldio\\Documents\\Hacktiv8\\PHASE-2\\Week3\\IP-Geraldioo\\server\\models\\order.js","statementMap":{"0":{"start":{"line":2,"column":18},"end":{"line":2,"column":38}},"1":{"start":{"line":3,"column":0},"end":{"line":48,"column":2}},"2":{"start":{"line":12,"column":6},"end":{"line":14,"column":9}},"3":{"start":{"line":17,"column":2},"end":{"line":46,"column":4}},"4":{"start":{"line":47,"column":2},"end":{"line":47,"column":15}}},"fnMap":{"0":{"name":"(anonymous_0)","decl":{"start":{"line":3,"column":17},"end":{"line":3,"column":18}},"loc":{"start":{"line":3,"column":43},"end":{"line":48,"column":1}},"line":3},"1":{"name":"(anonymous_1)","decl":{"start":{"line":10,"column":4},"end":{"line":10,"column":5}},"loc":{"start":{"line":10,"column":29},"end":{"line":15,"column":5}},"line":10}},"branchMap":{},"s":{"0":1,"1":1,"2":1,"3":1,"4":1},"f":{"0":1,"1":1},"b":{},"_coverageSchema":"1a1c01bbd47fc00a2c39e90264f33305004495a9","hash":"3c4d3f6c9bfe0aadbc2236f3178031ada0d61585"}
,"C:\\Users\\bryan geraldio\\Documents\\Hacktiv8\\PHASE-2\\Week3\\IP-Geraldioo\\server\\models\\score.js": {"path":"C:\\Users\\bryan geraldio\\Documents\\Hacktiv8\\PHASE-2\\Week3\\IP-Geraldioo\\server\\models\\score.js","statementMap":{"0":{"start":{"line":2,"column":18},"end":{"line":2,"column":38}},"1":{"start":{"line":3,"column":0},"end":{"line":27,"column":2}},"2":{"start":{"line":12,"column":6},"end":{"line":14,"column":9}},"3":{"start":{"line":17,"column":2},"end":{"line":25,"column":4}},"4":{"start":{"line":26,"column":2},"end":{"line":26,"column":15}}},"fnMap":{"0":{"name":"(anonymous_0)","decl":{"start":{"line":3,"column":17},"end":{"line":3,"column":18}},"loc":{"start":{"line":3,"column":43},"end":{"line":27,"column":1}},"line":3},"1":{"name":"(anonymous_1)","decl":{"start":{"line":10,"column":4},"end":{"line":10,"column":5}},"loc":{"start":{"line":10,"column":29},"end":{"line":15,"column":5}},"line":10}},"branchMap":{},"s":{"0":1,"1":1,"2":1,"3":1,"4":1},"f":{"0":1,"1":1},"b":{},"_coverageSchema":"1a1c01bbd47fc00a2c39e90264f33305004495a9","hash":"9b71d7f04d45f211c9f6098c2788d7fd965e7589"}
,"C:\\Users\\bryan geraldio\\Documents\\Hacktiv8\\PHASE-2\\Week3\\IP-Geraldioo\\server\\models\\user.js": {"path":"C:\\Users\\bryan geraldio\\Documents\\Hacktiv8\\PHASE-2\\Week3\\IP-Geraldioo\\server\\models\\user.js","statementMap":{"0":{"start":{"line":2,"column":18},"end":{"line":2,"column":38}},"1":{"start":{"line":3,"column":25},"end":{"line":3,"column":53}},"2":{"start":{"line":4,"column":0},"end":{"line":79,"column":2}},"3":{"start":{"line":13,"column":6},"end":{"line":15,"column":9}},"4":{"start":{"line":16,"column":6},"end":{"line":18,"column":8}},"5":{"start":{"line":21,"column":2},"end":{"line":74,"column":4}},"6":{"start":{"line":75,"column":2},"end":{"line":77,"column":5}},"7":{"start":{"line":76,"column":4},"end":{"line":76,"column":48}},"8":{"start":{"line":78,"column":2},"end":{"line":78,"column":14}}},"fnMap":{"0":{"name":"(anonymous_0)","decl":{"start":{"line":4,"column":17},"end":{"line":4,"column":18}},"loc":{"start":{"line":4,"column":43},"end":{"line":79,"column":1}},"line":4},"1":{"name":"(anonymous_1)","decl":{"start":{"line":11,"column":4},"end":{"line":11,"column":5}},"loc":{"start":{"line":11,"column":29},"end":{"line":19,"column":5}},"line":11},"2":{"name":"(anonymous_2)","decl":{"start":{"line":75,"column":20},"end":{"line":75,"column":21}},"loc":{"start":{"line":75,"column":30},"end":{"line":77,"column":3}},"line":75}},"branchMap":{},"s":{"0":1,"1":1,"2":1,"3":1,"4":1,"5":1,"6":1,"7":3,"8":1},"f":{"0":1,"1":1,"2":3},"b":{},"_coverageSchema":"1a1c01bbd47fc00a2c39e90264f33305004495a9","hash":"a8b2d49a720e06b1366969b554542ab101385544"}
,"C:\\Users\\bryan geraldio\\Documents\\Hacktiv8\\PHASE-2\\Week3\\IP-Geraldioo\\server\\routes\\index.js": {"path":"C:\\Users\\bryan geraldio\\Documents\\Hacktiv8\\PHASE-2\\Week3\\IP-Geraldioo\\server\\routes\\index.js","statementMap":{"0":{"start":{"line":1,"column":16},"end":{"line":1,"column":34}},"1":{"start":{"line":2,"column":23},"end":{"line":2,"column":63}},"2":{"start":{"line":3,"column":19},"end":{"line":3,"column":55}},"3":{"start":{"line":4,"column":27},"end":{"line":4,"column":67}},"4":{"start":{"line":5,"column":23},"end":{"line":5,"column":59}},"5":{"start":{"line":6,"column":26},"end":{"line":6,"column":65}},"6":{"start":{"line":7,"column":14},"end":{"line":7,"column":30}},"7":{"start":{"line":9,"column":0},"end":{"line":9,"column":49}},"8":{"start":{"line":10,"column":0},"end":{"line":10,"column":43}},"9":{"start":{"line":11,"column":0},"end":{"line":11,"column":56}},"10":{"start":{"line":13,"column":0},"end":{"line":13,"column":41}},"11":{"start":{"line":15,"column":0},"end":{"line":15,"column":26}},"12":{"start":{"line":17,"column":0},"end":{"line":17,"column":49}},"13":{"start":{"line":19,"column":0},"end":{"line":19,"column":50}},"14":{"start":{"line":20,"column":0},"end":{"line":20,"column":51}},"15":{"start":{"line":22,"column":0},"end":{"line":22,"column":41}},"16":{"start":{"line":24,"column":0},"end":{"line":24,"column":24}},"17":{"start":{"line":25,"column":0},"end":{"line":25,"column":42}},"18":{"start":{"line":26,"column":0},"end":{"line":26,"column":52}},"19":{"start":{"line":27,"column":0},"end":{"line":27,"column":52}},"20":{"start":{"line":28,"column":0},"end":{"line":28,"column":57}},"21":{"start":{"line":30,"column":0},"end":{"line":30,"column":22}},"22":{"start":{"line":32,"column":0},"end":{"line":32,"column":23}}},"fnMap":{},"branchMap":{},"s":{"0":1,"1":1,"2":1,"3":1,"4":1,"5":1,"6":1,"7":1,"8":1,"9":1,"10":1,"11":1,"12":1,"13":1,"14":1,"15":1,"16":1,"17":1,"18":1,"19":1,"20":1,"21":1,"22":1},"f":{},"b":{},"_coverageSchema":"1a1c01bbd47fc00a2c39e90264f33305004495a9","hash":"760e998ee0dce73ef7a5a982775d1cd7dab258b1"}
}
