TN:
SF:app.js
FNF:0
FNH:0
DA:1,1
DA:2,1
DA:5,1
DA:6,1
DA:7,1
DA:8,1
DA:10,1
DA:11,1
DA:13,1
DA:14,1
DA:15,1
DA:17,1
DA:23,1
LF:13
LH:13
BRDA:1,0,0,1
BRDA:1,0,1,0
BRDA:8,1,0,1
BRDA:8,1,1,0
BRF:4
BRH:2
end_of_record
TN:
SF:controllers\authController.js
FN:8,(anonymous_0)
FN:19,(anonymous_1)
FN:41,(anonymous_2)
FNF:3
FNH:2
FNDA:7,(anonymous_0)
FNDA:5,(anonymous_1)
FNDA:0,(anonymous_2)
DA:1,1
DA:2,1
DA:3,1
DA:4,1
DA:5,1
DA:9,7
DA:10,7
DA:12,2
DA:14,5
DA:15,5
DA:20,5
DA:21,5
DA:22,5
DA:23,4
DA:25,3
DA:26,3
DA:28,2
DA:29,2
DA:31,1
DA:32,1
DA:33,1
DA:34,1
DA:36,4
DA:37,4
DA:42,0
DA:43,0
DA:44,0
DA:47,0
DA:52,0
DA:54,0
DA:55,0
DA:56,0
DA:64,0
DA:65,0
DA:66,0
DA:68,0
DA:70,0
DA:71,0
DA:76,1
LF:39
LH:25
BRDA:22,0,0,1
BRDA:22,0,1,4
BRDA:23,1,0,1
BRDA:23,1,1,3
BRDA:26,2,0,1
BRDA:26,2,1,2
BRDA:29,3,0,1
BRDA:29,3,1,1
BRDA:52,4,0,0
BRDA:52,4,1,0
BRF:10
BRH:8
end_of_record
TN:
SF:controllers\controller.js
FN:8,(anonymous_0)
FN:54,(anonymous_1)
FN:81,(anonymous_2)
FN:103,(anonymous_3)
FN:137,(anonymous_4)
FN:169,(anonymous_5)
FN:192,(anonymous_6)
FN:203,(anonymous_7)
FN:248,(anonymous_8)
FN:294,main
FNF:10
FNH:0
FNDA:0,(anonymous_0)
FNDA:0,(anonymous_1)
FNDA:0,(anonymous_2)
FNDA:0,(anonymous_3)
FNDA:0,(anonymous_4)
FNDA:0,(anonymous_5)
FNDA:0,(anonymous_6)
FNDA:0,(anonymous_7)
FNDA:0,(anonymous_8)
FNDA:0,main
DA:1,1
DA:2,1
DA:3,1
DA:4,1
DA:5,1
DA:9,0
DA:10,0
DA:11,0
DA:13,0
DA:14,0
DA:22,0
DA:23,0
DA:24,0
DA:25,0
DA:26,0
DA:27,0
DA:30,0
DA:31,0
DA:32,0
DA:33,0
DA:36,0
DA:37,0
DA:40,0
DA:41,0
DA:49,0
DA:50,0
DA:55,0
DA:56,0
DA:58,0
DA:67,0
DA:68,0
DA:70,0
DA:71,0
DA:74,0
DA:76,0
DA:77,0
DA:82,0
DA:83,0
DA:84,0
DA:96,0
DA:98,0
DA:99,0
DA:104,0
DA:105,0
DA:106,0
DA:108,0
DA:109,0
DA:110,0
DA:113,0
DA:120,0
DA:121,0
DA:124,0
DA:130,0
DA:132,0
DA:133,0
DA:138,0
DA:139,0
DA:140,0
DA:142,0
DA:143,0
DA:145,0
DA:146,0
DA:149,0
DA:150,0
DA:157,0
DA:162,0
DA:164,0
DA:165,0
DA:170,0
DA:171,0
DA:173,0
DA:174,0
DA:175,0
DA:181,0
DA:183,0
DA:187,0
DA:188,0
DA:193,0
DA:195,0
DA:196,0
DA:198,0
DA:199,0
DA:204,0
DA:205,0
DA:210,0
DA:211,0
DA:213,0
DA:227,0
DA:228,0
DA:232,0
DA:238,0
DA:239,0
DA:243,0
DA:244,0
DA:249,0
DA:257,0
DA:258,0
DA:260,0
DA:266,0
DA:268,0
DA:269,0
DA:272,0
DA:273,0
DA:276,0
DA:277,0
DA:278,0
DA:287,0
DA:291,0
DA:292,0
DA:295,0
DA:301,0
DA:304,0
DA:306,0
DA:308,0
DA:313,0
DA:314,0
DA:319,1
LF:117
LH:6
BRDA:13,0,0,0
BRDA:13,0,1,0
BRDA:24,1,0,0
BRDA:24,1,1,0
BRDA:25,2,0,0
BRDA:25,2,1,0
BRDA:30,3,0,0
BRDA:30,3,1,0
BRDA:67,4,0,0
BRDA:67,4,1,0
BRDA:70,5,0,0
BRDA:70,5,1,0
BRDA:109,6,0,0
BRDA:109,6,1,0
BRDA:120,7,0,0
BRDA:120,7,1,0
BRDA:145,8,0,0
BRDA:145,8,1,0
BRDA:149,9,0,0
BRDA:149,9,1,0
BRDA:174,10,0,0
BRDA:174,10,1,0
BRDA:266,11,0,0
BRDA:266,11,1,0
BRDA:268,12,0,0
BRDA:268,12,1,0
BRDA:272,13,0,0
BRDA:272,13,1,0
BRDA:287,14,0,0
BRDA:287,14,1,0
BRDA:288,15,0,0
BRDA:288,15,1,0
BRF:32
BRH:0
end_of_record
TN:
SF:helpers\bcrypt.js
FN:3,(anonymous_0)
FN:7,(anonymous_1)
FNF:2
FNH:2
FNDA:3,(anonymous_0)
FNDA:2,(anonymous_1)
DA:1,1
DA:3,1
DA:4,3
DA:7,1
DA:8,2
DA:11,1
LF:6
LH:6
BRF:0
BRH:0
end_of_record
TN:
SF:helpers\jwt.js
FN:5,(anonymous_0)
FN:9,(anonymous_1)
FNF:2
FNH:1
FNDA:2,(anonymous_0)
FNDA:0,(anonymous_1)
DA:1,1
DA:3,1
DA:5,1
DA:6,2
DA:9,1
DA:10,0
DA:13,1
LF:7
LH:6
BRF:0
BRH:0
end_of_record
TN:
SF:middlewares\authentication.js
FN:4,(anonymous_0)
FNF:1
FNH:0
FNDA:0,(anonymous_0)
DA:1,1
DA:2,1
DA:4,1
DA:5,0
DA:7,0
DA:8,0
DA:10,0
DA:11,0
DA:13,0
DA:15,0
DA:16,0
DA:18,0
DA:19,0
DA:21,0
DA:25,1
LF:15
LH:4
BRDA:8,0,0,0
BRDA:8,0,1,0
BRDA:11,1,0,0
BRDA:11,1,1,0
BRDA:16,2,0,0
BRDA:16,2,1,0
BRF:6
BRH:0
end_of_record
TN:
SF:middlewares\authorization.js
FN:1,(anonymous_0)
FNF:1
FNH:0
FNDA:0,(anonymous_0)
DA:1,1
DA:2,0
DA:4,0
DA:5,0
DA:7,0
DA:10,0
DA:11,0
DA:15,1
LF:8
LH:2
BRDA:4,0,0,0
BRDA:4,0,1,0
BRF:2
BRH:0
end_of_record
TN:
SF:middlewares\errHandler.js
FN:1,(anonymous_0)
FNF:1
FNH:1
FNDA:9,(anonymous_0)
DA:1,1
DA:2,9
DA:4,5
DA:5,5
DA:7,0
DA:8,0
DA:10,0
DA:13,0
DA:15,0
DA:16,0
DA:18,1
DA:19,1
DA:21,1
DA:22,1
DA:24,2
DA:25,2
DA:27,0
DA:28,0
DA:30,0
DA:31,0
DA:33,0
DA:36,0
DA:39,0
DA:40,0
DA:42,0
DA:43,0
DA:45,0
DA:46,0
DA:48,0
DA:49,0
DA:50,0
DA:54,1
LF:32
LH:11
BRDA:2,0,0,5
BRDA:2,0,1,0
BRDA:2,0,2,0
BRDA:2,0,3,0
BRDA:2,0,4,1
BRDA:2,0,5,1
BRDA:2,0,6,2
BRDA:2,0,7,0
BRDA:2,0,8,0
BRDA:2,0,9,0
BRDA:2,0,10,0
BRDA:2,0,11,0
BRDA:2,0,12,0
BRDA:2,0,13,0
BRDA:2,0,14,0
BRF:15
BRH:4
end_of_record
TN:
SF:models\anime.js
FN:3,(anonymous_0)
FN:10,(anonymous_1)
FNF:2
FNH:2
FNDA:1,(anonymous_0)
FNDA:1,(anonymous_1)
DA:2,1
DA:3,1
DA:12,1
DA:15,1
DA:20,1
DA:126,1
LF:6
LH:6
BRF:0
BRH:0
end_of_record
TN:
SF:models\favorite.js
FN:3,(anonymous_0)
FN:10,(anonymous_1)
FNF:2
FNH:2
FNDA:1,(anonymous_0)
FNDA:1,(anonymous_1)
DA:2,1
DA:3,1
DA:12,1
DA:15,1
DA:20,1
DA:30,1
LF:6
LH:6
BRF:0
BRH:0
end_of_record
TN:
SF:models\index.js
FN:21,(anonymous_0)
FN:29,(anonymous_1)
FN:34,(anonymous_2)
FNF:3
FNH:3
FNDA:6,(anonymous_0)
FNDA:5,(anonymous_1)
FNDA:5,(anonymous_2)
DA:3,1
DA:4,1
DA:5,1
DA:6,1
DA:7,1
DA:8,1
DA:9,1
DA:10,1
DA:13,1
DA:14,0
DA:16,1
DA:19,1
DA:22,6
DA:30,5
DA:31,5
DA:34,1
DA:35,5
DA:36,5
DA:40,1
DA:41,1
DA:43,1
LF:21
LH:20
BRDA:8,0,0,1
BRDA:8,0,1,0
BRDA:13,1,0,0
BRDA:13,1,1,1
BRDA:23,2,0,6
BRDA:23,2,1,6
BRDA:23,2,2,5
BRDA:23,2,3,5
BRDA:35,3,0,5
BRDA:35,3,1,0
BRF:10
BRH:7
end_of_record
TN:
SF:models\order.js
FN:3,(anonymous_0)
FN:10,(anonymous_1)
FNF:2
FNH:2
FNDA:1,(anonymous_0)
FNDA:1,(anonymous_1)
DA:2,1
DA:3,1
DA:12,1
DA:17,1
DA:47,1
LF:5
LH:5
BRF:0
BRH:0
end_of_record
TN:
SF:models\score.js
FN:3,(anonymous_0)
FN:10,(anonymous_1)
FNF:2
FNH:2
FNDA:1,(anonymous_0)
FNDA:1,(anonymous_1)
DA:2,1
DA:3,1
DA:12,1
DA:17,1
DA:26,1
LF:5
LH:5
BRF:0
BRH:0
end_of_record
TN:
SF:models\user.js
FN:4,(anonymous_0)
FN:11,(anonymous_1)
FN:75,(anonymous_2)
FNF:3
FNH:3
FNDA:1,(anonymous_0)
FNDA:1,(anonymous_1)
FNDA:3,(anonymous_2)
DA:2,1
DA:3,1
DA:4,1
DA:13,1
DA:16,1
DA:21,1
DA:75,1
DA:76,3
DA:78,1
LF:9
LH:9
BRF:0
BRH:0
end_of_record
TN:
SF:routes\index.js
FNF:0
FNH:0
DA:1,1
DA:2,1
DA:3,1
DA:4,1
DA:5,1
DA:6,1
DA:7,1
DA:9,1
DA:10,1
DA:11,1
DA:13,1
DA:15,1
DA:17,1
DA:19,1
DA:20,1
DA:22,1
DA:24,1
DA:25,1
DA:26,1
DA:27,1
DA:28,1
DA:30,1
DA:32,1
LF:23
LH:23
BRF:0
BRH:0
end_of_record
